c:\git\apistudy\winapistudy\client\x64\debug\unity_l0x4zwb2uwp0lj3h.obj
c:\git\apistudy\winapistudy\client\x64\debug\unity_p7qihee8b5ce3cm6.obj
c:\git\apistudy\winapistudy\client\x64\debug\unity_g5z36dzdfiekaflh.obj
c:\git\apistudy\winapistudy\client\x64\debug\vc143.pdb
c:\git\apistudy\winapistudy\output\bin_debug\client.exe
c:\git\apistudy\winapistudy\output\bin_debug\client.pdb
c:\git\apistudy\winapistudy\client\x64\debug\client.res
c:\git\apistudy\winapistudy\client\x64\debug\client.ilk
c:\git\apistudy\winapistudy\client\x64\debug\vc143.idb
c:\git\apistudy\winapistudy\client\x64\debug\client.tlog\cl.command.1.tlog
c:\git\apistudy\winapistudy\client\x64\debug\client.tlog\cl.items.tlog
c:\git\apistudy\winapistudy\client\x64\debug\client.tlog\cl.read.1.tlog
c:\git\apistudy\winapistudy\client\x64\debug\client.tlog\cl.write.1.tlog
c:\git\apistudy\winapistudy\client\x64\debug\client.tlog\link-cvtres.read.1.tlog
c:\git\apistudy\winapistudy\client\x64\debug\client.tlog\link-cvtres.write.1.tlog
c:\git\apistudy\winapistudy\client\x64\debug\client.tlog\link-rc.read.1.tlog
c:\git\apistudy\winapistudy\client\x64\debug\client.tlog\link-rc.write.1.tlog
c:\git\apistudy\winapistudy\client\x64\debug\client.tlog\link.31804-cvtres.read.1.tlog
c:\git\apistudy\winapistudy\client\x64\debug\client.tlog\link.31804-cvtres.write.1.tlog
c:\git\apistudy\winapistudy\client\x64\debug\client.tlog\link.31804-rc.read.1.tlog
c:\git\apistudy\winapistudy\client\x64\debug\client.tlog\link.31804-rc.write.1.tlog
c:\git\apistudy\winapistudy\client\x64\debug\client.tlog\link.31804.read.1.tlog
c:\git\apistudy\winapistudy\client\x64\debug\client.tlog\link.31804.read.2.tlog
c:\git\apistudy\winapistudy\client\x64\debug\client.tlog\link.31804.write.1.tlog
c:\git\apistudy\winapistudy\client\x64\debug\client.tlog\link.command.1.tlog
c:\git\apistudy\winapistudy\client\x64\debug\client.tlog\link.read.1.tlog
c:\git\apistudy\winapistudy\client\x64\debug\client.tlog\link.read.2.tlog
c:\git\apistudy\winapistudy\client\x64\debug\client.tlog\link.secondary.1.tlog
c:\git\apistudy\winapistudy\client\x64\debug\client.tlog\link.write.1.tlog
c:\git\apistudy\winapistudy\client\x64\debug\client.tlog\rc.command.1.tlog
c:\git\apistudy\winapistudy\client\x64\debug\client.tlog\rc.read.1.tlog
c:\git\apistudy\winapistudy\client\x64\debug\client.tlog\rc.write.1.tlog
